2017-11-07 09:10:48 [@R108P06HVCI]
Interne #1 : Démarrage createinquest
2017-11-07 09:11:04 [@R108P06HVCI]
Interne #1 : Démarrage watcher
2017-11-07 09:11:39 [@R108P06HVCI]
Interne #1 : Démarrage ticketrecurrent
2017-11-07 09:12:06 [@R108P06HVCI]
Interne #1 : Démarrage planningrecall
2017-11-07 09:19:43 [2@R108P06HVCI]
Interne #1 : Démarrage queuednotification
2017-11-21 10:05:49 [@R108P06HVCI]
Interne #1 : Démarrage queuednotificationclean
2017-11-21 10:06:46 [@R108P06HVCI]
Interne #1 : Démarrage temp
2017-11-28 07:59:40 [2@R108P06HVCI]
Interne #1 : Démarrage mailgateerror
2017-11-28 10:04:56 [@R108P06HVCI]
Interne #1 : Démarrage contract
2017-11-28 10:14:30 [2@R108P06HVCI]
Interne #1 : Démarrage infocom
2017-11-28 10:19:56 [2@R108P06HVCI]
Interne #1 : Démarrage optimize
2017-11-28 10:25:32 [2@R108P06HVCI]
Interne #1 : Démarrage mailgate
